<?xml version="1.0" encoding="UTF-8"?>
<!-- Generated by org.testng.reporters.JUnitReportReporter -->
<testsuite hostname="DESKTOP-GEAQU3A" failures="0" tests="1" name="GoogleData_Search.readWrightExcel.DataSearch" time="23.298" errors="0" timestamp="2023-08-26T12:02:57 BDT" skipped="0">
  <testcase classname="GoogleData_Search.readWrightExcel.DataSearch" name="FirstSearch" time="23.298"/>
  <system-out/>
</testsuite> <!-- GoogleData_Search.readWrightExcel.DataSearch -->
